<?xml version="1.0" encoding="UTF-8"?>
<coverage generated="1584056677302" clover="3.2.0">
  <project timestamp="1584056677302" name="All files">
    <metrics statements="45" coveredstatements="34" conditionals="32" coveredconditionals="15" methods="15" coveredmethods="9" elements="92" coveredelements="58" complexity="0" loc="45" ncloc="45" packages="1" files="2" classes="2"/>
    <file name="Validator.js" path="/Users/rosalie.lee/Alchemy/career-track/career-database-lab/lib/Validator.js">
      <metrics statements="10" coveredstatements="10" conditionals="8" coveredconditionals="8" methods="2" coveredmethods="2"/>
      <line num="1" count="2" type="stmt"/>
      <line num="3" count="2" type="stmt"/>
      <line num="5" count="8" type="stmt"/>
      <line num="6" count="8" type="stmt"/>
      <line num="7" count="8" type="stmt"/>
      <line num="8" count="8" type="stmt"/>
      <line num="12" count="12" type="stmt"/>
      <line num="13" count="12" type="cond" truecount="4" falsecount="0"/>
      <line num="14" count="10" type="cond" truecount="4" falsecount="0"/>
      <line num="16" count="9" type="stmt"/>
    </file>
    <file name="type.js" path="/Users/rosalie.lee/Alchemy/career-track/career-database-lab/lib/type.js">
      <metrics statements="35" coveredstatements="24" conditionals="24" coveredconditionals="7" methods="13" coveredmethods="7"/>
      <line num="1" count="3" type="stmt"/>
      <line num="2" count="6" type="stmt"/>
      <line num="3" count="2" type="stmt"/>
      <line num="4" count="8" type="stmt"/>
      <line num="5" count="2" type="cond" truecount="0" falsecount="2"/>
      <line num="6" count="2" type="stmt"/>
      <line num="8" count="2" type="stmt"/>
      <line num="9" count="3" type="cond" truecount="1" falsecount="1"/>
      <line num="10" count="0" type="cond" truecount="0" falsecount="2"/>
      <line num="11" count="0" type="cond" truecount="0" falsecount="2"/>
      <line num="12" count="0" type="cond" truecount="0" falsecount="2"/>
      <line num="13" count="0" type="stmt"/>
      <line num="16" count="2" type="stmt"/>
      <line num="17" count="6" type="cond" truecount="2" falsecount="0"/>
      <line num="18" count="3" type="stmt"/>
      <line num="19" count="3" type="cond" truecount="2" falsecount="0"/>
      <line num="20" count="2" type="stmt"/>
      <line num="23" count="2" type="stmt"/>
      <line num="24" count="0" type="cond" truecount="0" falsecount="2"/>
      <line num="25" count="0" type="cond" truecount="0" falsecount="2"/>
      <line num="26" count="0" type="cond" truecount="0" falsecount="2"/>
      <line num="27" count="0" type="stmt"/>
      <line num="30" count="2" type="stmt"/>
      <line num="31" count="0" type="stmt"/>
      <line num="32" count="0" type="stmt"/>
      <line num="34" count="0" type="stmt"/>
      <line num="40" count="1" type="stmt"/>
      <line num="41" count="1" type="stmt"/>
      <line num="42" count="1" type="stmt"/>
      <line num="43" count="1" type="stmt"/>
      <line num="47" count="2" type="stmt"/>
      <line num="53" count="2" type="stmt"/>
      <line num="54" count="8" type="cond" truecount="1" falsecount="1"/>
      <line num="56" count="8" type="cond" truecount="1" falsecount="1"/>
      <line num="59" count="2" type="stmt"/>
    </file>
  </project>
</coverage>
