{"/Users/rosalie.lee/Alchemy/career-track/career-database-lab/lib/Validator.js": {"path":"/Users/rosalie.lee/Alchemy/career-track/career-database-lab/lib/Validator.js","statementMap":{"0":{"start":{"line":1,"column":22},"end":{"line":1,"column":42}},"1":{"start":{"line":3,"column":0},"end":{"line":18,"column":2}},"2":{"start":{"line":5,"column":8},"end":{"line":5,"column":27}},"3":{"start":{"line":6,"column":8},"end":{"line":6,"column":25}},"4":{"start":{"line":7,"column":8},"end":{"line":7,"column":33}},"5":{"start":{"line":8,"column":8},"end":{"line":8,"column":38}},"6":{"start":{"line":12,"column":20},"end":{"line":12,"column":35}},"7":{"start":{"line":13,"column":8},"end":{"line":13,"column":80}},"8":{"start":{"line":13,"column":35},"end":{"line":13,"column":80}},"9":{"start":{"line":14,"column":8},"end":{"line":14,"column":48}},"10":{"start":{"line":14,"column":36},"end":{"line":14,"column":48}},"11":{"start":{"line":16,"column":8},"end":{"line":16,"column":32}}},"fnMap":{"0":{"name":"(anonymous_0)","decl":{"start":{"line":4,"column":4},"end":{"line":4,"column":5}},"loc":{"start":{"line":4,"column":43},"end":{"line":9,"column":5}},"line":4},"1":{"name":"(anonymous_1)","decl":{"start":{"line":11,"column":4},"end":{"line":11,"column":5}},"loc":{"start":{"line":11,"column":18},"end":{"line":17,"column":5}},"line":11}},"branchMap":{"0":{"loc":{"start":{"line":13,"column":8},"end":{"line":13,"column":80}},"type":"if","locations":[{"start":{"line":13,"column":8},"end":{"line":13,"column":80}},{"start":{"line":13,"column":8},"end":{"line":13,"column":80}}],"line":13},"1":{"loc":{"start":{"line":13,"column":12},"end":{"line":13,"column":33}},"type":"binary-expr","locations":[{"start":{"line":13,"column":12},"end":{"line":13,"column":25}},{"start":{"line":13,"column":29},"end":{"line":13,"column":33}}],"line":13},"2":{"loc":{"start":{"line":14,"column":8},"end":{"line":14,"column":48}},"type":"if","locations":[{"start":{"line":14,"column":8},"end":{"line":14,"column":48}},{"start":{"line":14,"column":8},"end":{"line":14,"column":48}}],"line":14},"3":{"loc":{"start":{"line":14,"column":12},"end":{"line":14,"column":34}},"type":"binary-expr","locations":[{"start":{"line":14,"column":12},"end":{"line":14,"column":26}},{"start":{"line":14,"column":30},"end":{"line":14,"column":34}}],"line":14}},"s":{"0":2,"1":2,"2":8,"3":8,"4":8,"5":8,"6":12,"7":12,"8":2,"9":10,"10":1,"11":9},"f":{"0":8,"1":12},"b":{"0":[2,10],"1":[12,5],"2":[1,9],"3":[10,7]},"_coverageSchema":"43e27e138ebf9cfc5966b082cf9a028302ed4184","hash":"fed6eebef17f358b7858f5546d6a9b5657d26d72"}
,"/Users/rosalie.lee/Alchemy/career-track/career-database-lab/lib/type.js": {"path":"/Users/rosalie.lee/Alchemy/career-track/career-database-lab/lib/type.js","statementMap":{"0":{"start":{"line":1,"column":17},"end":{"line":1,"column":47}},"1":{"start":{"line":1,"column":24},"end":{"line":1,"column":47}},"2":{"start":{"line":2,"column":17},"end":{"line":2,"column":47}},"3":{"start":{"line":2,"column":24},"end":{"line":2,"column":47}},"4":{"start":{"line":3,"column":18},"end":{"line":3,"column":49}},"5":{"start":{"line":3,"column":25},"end":{"line":3,"column":49}},"6":{"start":{"line":4,"column":16},"end":{"line":4,"column":41}},"7":{"start":{"line":4,"column":23},"end":{"line":4,"column":41}},"8":{"start":{"line":5,"column":17},"end":{"line":5,"column":64}},"9":{"start":{"line":5,"column":24},"end":{"line":5,"column":64}},"10":{"start":{"line":6,"column":19},"end":{"line":6,"column":49}},"11":{"start":{"line":6,"column":26},"end":{"line":6,"column":49}},"12":{"start":{"line":8,"column":21},"end":{"line":14,"column":1}},"13":{"start":{"line":9,"column":4},"end":{"line":9,"column":34}},"14":{"start":{"line":9,"column":23},"end":{"line":9,"column":34}},"15":{"start":{"line":10,"column":4},"end":{"line":10,"column":45}},"16":{"start":{"line":10,"column":23},"end":{"line":10,"column":45}},"17":{"start":{"line":11,"column":4},"end":{"line":11,"column":46}},"18":{"start":{"line":11,"column":24},"end":{"line":11,"column":46}},"19":{"start":{"line":12,"column":4},"end":{"line":12,"column":44}},"20":{"start":{"line":12,"column":22},"end":{"line":12,"column":44}},"21":{"start":{"line":13,"column":4},"end":{"line":13,"column":37}},"22":{"start":{"line":16,"column":21},"end":{"line":21,"column":1}},"23":{"start":{"line":17,"column":4},"end":{"line":17,"column":34}},"24":{"start":{"line":17,"column":23},"end":{"line":17,"column":34}},"25":{"start":{"line":18,"column":19},"end":{"line":18,"column":30}},"26":{"start":{"line":19,"column":4},"end":{"line":19,"column":56}},"27":{"start":{"line":19,"column":23},"end":{"line":19,"column":56}},"28":{"start":{"line":20,"column":4},"end":{"line":20,"column":18}},"29":{"start":{"line":23,"column":22},"end":{"line":28,"column":1}},"30":{"start":{"line":24,"column":4},"end":{"line":24,"column":35}},"31":{"start":{"line":24,"column":24},"end":{"line":24,"column":35}},"32":{"start":{"line":25,"column":4},"end":{"line":25,"column":31}},"33":{"start":{"line":25,"column":19},"end":{"line":25,"column":31}},"34":{"start":{"line":26,"column":4},"end":{"line":26,"column":32}},"35":{"start":{"line":26,"column":19},"end":{"line":26,"column":32}},"36":{"start":{"line":27,"column":4},"end":{"line":27,"column":38}},"37":{"start":{"line":30,"column":20},"end":{"line":36,"column":1}},"38":{"start":{"line":30,"column":30},"end":{"line":36,"column":1}},"39":{"start":{"line":31,"column":4},"end":{"line":35,"column":5}},"40":{"start":{"line":32,"column":8},"end":{"line":32,"column":31}},"41":{"start":{"line":34,"column":8},"end":{"line":34,"column":40}},"42":{"start":{"line":40,"column":21},"end":{"line":40,"column":30}},"43":{"start":{"line":41,"column":8},"end":{"line":41,"column":53}},"44":{"start":{"line":42,"column":8},"end":{"line":42,"column":25}},"45":{"start":{"line":43,"column":8},"end":{"line":43,"column":27}},"46":{"start":{"line":47,"column":16},"end":{"line":51,"column":1}},"47":{"start":{"line":53,"column":18},"end":{"line":57,"column":1}},"48":{"start":{"line":54,"column":4},"end":{"line":54,"column":65}},"49":{"start":{"line":54,"column":23},"end":{"line":54,"column":65}},"50":{"start":{"line":56,"column":4},"end":{"line":56,"column":38}},"51":{"start":{"line":59,"column":0},"end":{"line":72,"column":2}}},"fnMap":{"0":{"name":"(anonymous_0)","decl":{"start":{"line":1,"column":17},"end":{"line":1,"column":18}},"loc":{"start":{"line":1,"column":24},"end":{"line":1,"column":47}},"line":1},"1":{"name":"(anonymous_1)","decl":{"start":{"line":2,"column":17},"end":{"line":2,"column":18}},"loc":{"start":{"line":2,"column":24},"end":{"line":2,"column":47}},"line":2},"2":{"name":"(anonymous_2)","decl":{"start":{"line":3,"column":18},"end":{"line":3,"column":19}},"loc":{"start":{"line":3,"column":25},"end":{"line":3,"column":49}},"line":3},"3":{"name":"(anonymous_3)","decl":{"start":{"line":4,"column":16},"end":{"line":4,"column":17}},"loc":{"start":{"line":4,"column":23},"end":{"line":4,"column":41}},"line":4},"4":{"name":"(anonymous_4)","decl":{"start":{"line":5,"column":17},"end":{"line":5,"column":18}},"loc":{"start":{"line":5,"column":24},"end":{"line":5,"column":64}},"line":5},"5":{"name":"(anonymous_5)","decl":{"start":{"line":6,"column":19},"end":{"line":6,"column":20}},"loc":{"start":{"line":6,"column":26},"end":{"line":6,"column":49}},"line":6},"6":{"name":"(anonymous_6)","decl":{"start":{"line":8,"column":21},"end":{"line":8,"column":22}},"loc":{"start":{"line":8,"column":28},"end":{"line":14,"column":1}},"line":8},"7":{"name":"(anonymous_7)","decl":{"start":{"line":16,"column":21},"end":{"line":16,"column":22}},"loc":{"start":{"line":16,"column":28},"end":{"line":21,"column":1}},"line":16},"8":{"name":"(anonymous_8)","decl":{"start":{"line":23,"column":22},"end":{"line":23,"column":23}},"loc":{"start":{"line":23,"column":29},"end":{"line":28,"column":1}},"line":23},"9":{"name":"(anonymous_9)","decl":{"start":{"line":30,"column":20},"end":{"line":30,"column":21}},"loc":{"start":{"line":30,"column":30},"end":{"line":36,"column":1}},"line":30},"10":{"name":"(anonymous_10)","decl":{"start":{"line":30,"column":30},"end":{"line":30,"column":31}},"loc":{"start":{"line":30,"column":37},"end":{"line":36,"column":1}},"line":30},"11":{"name":"(anonymous_11)","decl":{"start":{"line":39,"column":4},"end":{"line":39,"column":5}},"loc":{"start":{"line":39,"column":29},"end":{"line":44,"column":5}},"line":39},"12":{"name":"(anonymous_12)","decl":{"start":{"line":53,"column":18},"end":{"line":53,"column":19}},"loc":{"start":{"line":53,"column":26},"end":{"line":57,"column":1}},"line":53}},"branchMap":{"0":{"loc":{"start":{"line":5,"column":24},"end":{"line":5,"column":64}},"type":"binary-expr","locations":[{"start":{"line":5,"column":24},"end":{"line":5,"column":47}},{"start":{"line":5,"column":51},"end":{"line":5,"column":64}}],"line":5},"1":{"loc":{"start":{"line":9,"column":4},"end":{"line":9,"column":34}},"type":"if","locations":[{"start":{"line":9,"column":4},"end":{"line":9,"column":34}},{"start":{"line":9,"column":4},"end":{"line":9,"column":34}}],"line":9},"2":{"loc":{"start":{"line":10,"column":4},"end":{"line":10,"column":45}},"type":"if","locations":[{"start":{"line":10,"column":4},"end":{"line":10,"column":45}},{"start":{"line":10,"column":4},"end":{"line":10,"column":45}}],"line":10},"3":{"loc":{"start":{"line":11,"column":4},"end":{"line":11,"column":46}},"type":"if","locations":[{"start":{"line":11,"column":4},"end":{"line":11,"column":46}},{"start":{"line":11,"column":4},"end":{"line":11,"column":46}}],"line":11},"4":{"loc":{"start":{"line":12,"column":4},"end":{"line":12,"column":44}},"type":"if","locations":[{"start":{"line":12,"column":4},"end":{"line":12,"column":44}},{"start":{"line":12,"column":4},"end":{"line":12,"column":44}}],"line":12},"5":{"loc":{"start":{"line":17,"column":4},"end":{"line":17,"column":34}},"type":"if","locations":[{"start":{"line":17,"column":4},"end":{"line":17,"column":34}},{"start":{"line":17,"column":4},"end":{"line":17,"column":34}}],"line":17},"6":{"loc":{"start":{"line":19,"column":4},"end":{"line":19,"column":56}},"type":"if","locations":[{"start":{"line":19,"column":4},"end":{"line":19,"column":56}},{"start":{"line":19,"column":4},"end":{"line":19,"column":56}}],"line":19},"7":{"loc":{"start":{"line":24,"column":4},"end":{"line":24,"column":35}},"type":"if","locations":[{"start":{"line":24,"column":4},"end":{"line":24,"column":35}},{"start":{"line":24,"column":4},"end":{"line":24,"column":35}}],"line":24},"8":{"loc":{"start":{"line":25,"column":4},"end":{"line":25,"column":31}},"type":"if","locations":[{"start":{"line":25,"column":4},"end":{"line":25,"column":31}},{"start":{"line":25,"column":4},"end":{"line":25,"column":31}}],"line":25},"9":{"loc":{"start":{"line":26,"column":4},"end":{"line":26,"column":32}},"type":"if","locations":[{"start":{"line":26,"column":4},"end":{"line":26,"column":32}},{"start":{"line":26,"column":4},"end":{"line":26,"column":32}}],"line":26},"10":{"loc":{"start":{"line":54,"column":4},"end":{"line":54,"column":65}},"type":"if","locations":[{"start":{"line":54,"column":4},"end":{"line":54,"column":65}},{"start":{"line":54,"column":4},"end":{"line":54,"column":65}}],"line":54},"11":{"loc":{"start":{"line":56,"column":11},"end":{"line":56,"column":37}},"type":"binary-expr","locations":[{"start":{"line":56,"column":11},"end":{"line":56,"column":29}},{"start":{"line":56,"column":33},"end":{"line":56,"column":37}}],"line":56}},"s":{"0":2,"1":3,"2":2,"3":6,"4":2,"5":0,"6":2,"7":8,"8":2,"9":0,"10":2,"11":0,"12":2,"13":3,"14":3,"15":0,"16":0,"17":0,"18":0,"19":0,"20":0,"21":0,"22":2,"23":6,"24":3,"25":3,"26":3,"27":1,"28":2,"29":2,"30":0,"31":0,"32":0,"33":0,"34":0,"35":0,"36":0,"37":2,"38":0,"39":0,"40":0,"41":0,"42":1,"43":1,"44":1,"45":1,"46":2,"47":2,"48":8,"49":0,"50":8,"51":2},"f":{"0":3,"1":6,"2":0,"3":8,"4":0,"5":0,"6":3,"7":6,"8":0,"9":0,"10":0,"11":1,"12":8},"b":{"0":[0,0],"1":[3,0],"2":[0,0],"3":[0,0],"4":[0,0],"5":[3,3],"6":[1,2],"7":[0,0],"8":[0,0],"9":[0,0],"10":[0,8],"11":[8,0]},"_coverageSchema":"43e27e138ebf9cfc5966b082cf9a028302ed4184","hash":"5b8183bf43952ab88fb82c98e7c7ffc982412f6d"}
}
