TN:
SF:/Users/rosalie.lee/Alchemy/career-track/career-database-lab/lib/Validator.js
FN:4,(anonymous_0)
FN:11,(anonymous_1)
FNF:2
FNH:2
FNDA:8,(anonymous_0)
FNDA:12,(anonymous_1)
DA:1,2
DA:3,2
DA:5,8
DA:6,8
DA:7,8
DA:8,8
DA:12,12
DA:13,12
DA:14,10
DA:16,9
LF:10
LH:10
BRDA:13,0,0,2
BRDA:13,0,1,10
BRDA:13,1,0,12
BRDA:13,1,1,5
BRDA:14,2,0,1
BRDA:14,2,1,9
BRDA:14,3,0,10
BRDA:14,3,1,7
BRF:8
BRH:8
end_of_record
TN:
SF:/Users/rosalie.lee/Alchemy/career-track/career-database-lab/lib/type.js
FN:1,(anonymous_0)
FN:2,(anonymous_1)
FN:3,(anonymous_2)
FN:4,(anonymous_3)
FN:5,(anonymous_4)
FN:6,(anonymous_5)
FN:8,(anonymous_6)
FN:16,(anonymous_7)
FN:23,(anonymous_8)
FN:30,(anonymous_9)
FN:30,(anonymous_10)
FN:39,(anonymous_11)
FN:53,(anonymous_12)
FNF:13
FNH:7
FNDA:3,(anonymous_0)
FNDA:6,(anonymous_1)
FNDA:0,(anonymous_2)
FNDA:8,(anonymous_3)
FNDA:0,(anonymous_4)
FNDA:0,(anonymous_5)
FNDA:3,(anonymous_6)
FNDA:6,(anonymous_7)
FNDA:0,(anonymous_8)
FNDA:0,(anonymous_9)
FNDA:0,(anonymous_10)
FNDA:1,(anonymous_11)
FNDA:8,(anonymous_12)
DA:1,3
DA:2,6
DA:3,2
DA:4,8
DA:5,2
DA:6,2
DA:8,2
DA:9,3
DA:10,0
DA:11,0
DA:12,0
DA:13,0
DA:16,2
DA:17,6
DA:18,3
DA:19,3
DA:20,2
DA:23,2
DA:24,0
DA:25,0
DA:26,0
DA:27,0
DA:30,2
DA:31,0
DA:32,0
DA:34,0
DA:40,1
DA:41,1
DA:42,1
DA:43,1
DA:47,2
DA:53,2
DA:54,8
DA:56,8
DA:59,2
LF:35
LH:24
BRDA:5,0,0,0
BRDA:5,0,1,0
BRDA:9,1,0,3
BRDA:9,1,1,0
BRDA:10,2,0,0
BRDA:10,2,1,0
BRDA:11,3,0,0
BRDA:11,3,1,0
BRDA:12,4,0,0
BRDA:12,4,1,0
BRDA:17,5,0,3
BRDA:17,5,1,3
BRDA:19,6,0,1
BRDA:19,6,1,2
BRDA:24,7,0,0
BRDA:24,7,1,0
BRDA:25,8,0,0
BRDA:25,8,1,0
BRDA:26,9,0,0
BRDA:26,9,1,0
BRDA:54,10,0,0
BRDA:54,10,1,8
BRDA:56,11,0,8
BRDA:56,11,1,0
BRF:24
BRH:7
end_of_record
